<?xml version="1.0" encoding="UTF-8"?>
<!-- Generated by org.testng.reporters.JUnitXMLReporter -->
<testsuite hostname="LAPTOP-57SNEDNO" name="Create A Review TestCase" tests="1" failures="0" timestamp="9 Apr 2022 06:30:56 GMT" time="0.021" errors="0">
  <testcase name="@BeforeSuite LaunchApp" time="0.0" classname="CreateReview_Testcase.CreateReviewTest">
    <failure type="org.testng.TestNGException" message="
Parameter &amp;apos;browser&amp;apos; is required by @Configuration on method LaunchApp but has not been marked @Optional or defined
in C:\Users\IdeapadG3-03\workspace\Review_Prolaborate\configuration\ProlaborateSuit.xml">
      <![CDATA[org.testng.TestNGException: 
Parameter 'browser' is required by @Configuration on method LaunchApp but has not been marked @Optional or defined
in C:\Users\IdeapadG3-03\workspace\Review_Prolaborate\configuration\ProlaborateSuit.xml
... Removed 15 stack frames]]>
    </failure>
  </testcase> <!-- @BeforeSuite LaunchApp -->
  <testcase name="@BeforeTest login" time="0.0" classname="CreateReview_Testcase.CreateReviewTest">
    <skipped/>
  </testcase> <!-- @BeforeTest login -->
  <testcase name="@AfterTest logOut" time="0.0" classname="CreateReview_Testcase.CreateReviewTest">
    <skipped/>
  </testcase> <!-- @AfterTest logOut -->
  <testcase name="CreateAReview" time="0.008" classname="CreateReview_Testcase.CreateReviewTest">
    <skipped/>
  </testcase> <!-- CreateAReview -->
</testsuite> <!-- Create A Review TestCase -->
